test_absolute (__main__.TestExercice) ... ok
test_factorial (__main__.TestExercice) ... ok
test_prefixes (__main__.TestExercice) ... FAIL
test_summation (__main__.TestExercice) ... FAIL
test_verify_ages (__main__.TestExercice) ... FAIL

======================================================================
FAIL: test_prefixes (__main__.TestExercice)
----------------------------------------------------------------------
Traceback (most recent call last):
  File "/Users/samimniazi/Desktop/inf1007/c03_ch5_exercices-SamimNiazi/test_exercice.py", line 29, in test_prefixes
    self.assertListEqual(
AssertionError: Lists differ: ['Jack Kack Lack Mack Nack Oack Pack Qack '] != ['Jack', 'Kack', 'Lack', 'Mack', 'Nack', 'Oack', 'Pack', 'Qack']

First differing element 0:
'Jack Kack Lack Mack Nack Oack Pack Qack '
'Jack'

Second list contains 7 additional elements.
First extra element 1:
'Kack'

- ['Jack Kack Lack Mack Nack Oack Pack Qack ']
+ ['Jack', 'Kack', 'Lack', 'Mack', 'Nack', 'Oack', 'Pack', 'Qack'] : Mauvaise réponse

======================================================================
FAIL: test_summation (__main__.TestExercice)
----------------------------------------------------------------------
Traceback (most recent call last):
  File "/Users/samimniazi/Desktop/inf1007/c03_ch5_exercices-SamimNiazi/test_exercice.py", line 47, in test_summation
    self.assertEqual(
AssertionError: 24678 != 24133 : Mauvaise réponse

======================================================================
FAIL: test_verify_ages (__main__.TestExercice)
----------------------------------------------------------------------
Traceback (most recent call last):
  File "/Users/samimniazi/Desktop/inf1007/c03_ch5_exercices-SamimNiazi/test_exercice.py", line 74, in test_verify_ages
    self.assertListEqual(
AssertionError: Lists differ: [False, True, False, False, True, False, False, True, False] != [False, True, False, False, True, True, True, True, False]

First differing element 5:
False
True

- [False, True, False, False, True, False, False, True, False]
?                                   --------------

+ [False, True, False, False, True, True, True, True, False]
?                                        ++++++++++++
 : Mauvaise réponse

----------------------------------------------------------------------
Ran 5 tests in 0.006s

FAILED (failures=3)
